<?xml version="1.0" encoding="UTF-8"?>
<!-- Generated by org.testng.reporters.JUnitXMLReporter -->
<testsuite ignored="0" hostname="Hezekiah" failures="0" tests="6" name="Test" time="55.326" errors="0" timestamp="2024-09-15T06:55:19 ADT">
  <testcase classname="testCases.TC003_LoginDDT" name="verify_loginDDT" time="10.462"/>
  <testcase classname="testCases.TC003_LoginDDT" name="verify_loginDDT" time="3.483"/>
  <testcase classname="testCases.TC003_LoginDDT" name="verify_loginDDT" time="3.144"/>
  <testcase classname="testCases.TC003_LoginDDT" name="verify_loginDDT" time="11.661"/>
  <testcase classname="testCases.TC003_LoginDDT" name="verify_loginDDT" time="4.428"/>
  <testcase classname="testCases.TC003_LoginDDT" name="verify_loginDDT" time="12.608"/>
</testsuite> <!-- Test -->
